<?xml version="1.0" encoding="UTF-8"?>
<testng-results skipped="0" failed="0" ignored="0" total="1" passed="1">
  <reporter-output>
  </reporter-output>
  <suite name="Default suite" duration-ms="9995" started-at="2020-08-31T21:43:26 CDT" finished-at="2020-08-31T21:43:36 CDT">
    <groups>
    </groups>
    <test name="Default test" duration-ms="9995" started-at="2020-08-31T21:43:26 CDT" finished-at="2020-08-31T21:43:36 CDT">
      <class name="testCases.FindingFlights">
        <test-method status="PASS" signature="launchBrowser()[pri:0, instance:testCases.FindingFlights@150efb8]" name="launchBrowser" is-config="true" duration-ms="9588" started-at="2020-08-31T21:43:17 CDT" finished-at="2020-08-31T21:43:26 CDT">
          <reporter-output>
          </reporter-output>
        </test-method> <!-- launchBrowser -->
        <test-method status="PASS" signature="findflights()[pri:0, instance:testCases.FindingFlights@150efb8]" name="findflights" duration-ms="9931" started-at="2020-08-31T21:43:26 CDT" finished-at="2020-08-31T21:43:36 CDT">
          <reporter-output>
          </reporter-output>
        </test-method> <!-- findflights -->
      </class> <!-- testCases.FindingFlights -->
    </test> <!-- Default test -->
  </suite> <!-- Default suite -->
</testng-results>
